<?xml version="1.0" encoding="UTF-8"?>
<testsuite xmlns:xsi="http://www.w3.org/2001/XMLSchema-instance" xsi:noNamespaceSchemaLocation="https://maven.apache.org/surefire/maven-surefire-plugin/xsd/surefire-test-report-3.0.xsd" version="3.0" name="ParameterizedFelineTest" time="0.0" tests="5" errors="0" skipped="0" failures="0">
  <properties>
[...]
</properties>
  <testcase name="checkKittenCountTest[0]" classname="ParameterizedFelineTest" time="0.0"/>
  <testcase name="checkKittenCountTest[1]" classname="ParameterizedFelineTest" time="0.0"/>
  <testcase name="checkKittenCountTest[2]" classname="ParameterizedFelineTest" time="0.0"/>
  <testcase name="checkKittenCountTest[3]" classname="ParameterizedFelineTest" time="0.0"/>
  <testcase name="checkKittenCountTest[4]" classname="ParameterizedFelineTest" time="0.0"/>
</testsuite>